2025-07-11 19:34:48,516 - [INFO] - --- ЗАПУСК В РЕЖИМЕ ТЕСТИРОВАНИЯ ---
2025-07-11 19:34:48,529 - [INFO] - Анализ тестового HTML из файла 'test_success.html'...
2025-07-11 19:34:48,530 - [INFO] - Найдена дата на странице: Ср, 13.08.2025
2025-07-11 19:34:48,530 - [CRITICAL] - ============================================================
2025-07-11 19:34:48,530 - [CRITICAL] - !!! ВНИМАНИЕ: НАЙДЕНА ПОДХОДЯЩАЯ ДАТА ЗАПИСИ !!!
2025-07-11 19:34:48,531 - [CRITICAL] - ОБНАРУЖЕНА ЦЕЛЕВАЯ ДАТА: Ср, 13.08.2025
2025-07-11 19:34:48,531 - [CRITICAL] - ============================================================
2025-07-11 19:34:48,531 - [INFO] - Тест пройден: скрипт успешно обнаружил целевую дату в тестовом файле.
2025-07-11 19:35:30,168 - [INFO] - --- ЗАПУСК В РАБОЧЕМ РЕЖИМЕ МОНИТОРИНГА ---
2025-07-11 19:35:30,169 - [INFO] - Отправка реального запроса на https://appointment.bmeia.gv.at/HomeWeb/Scheduler...
2025-07-11 19:36:01,371 - [ERROR] - Критическая сетевая ошибка: HTTPSConnectionPool(host='appointment.bmeia.gv.at', port=443): Read timed out. (read timeout=30)
2025-07-11 19:36:01,371 - [INFO] - Следующая проверка через 1.0 час(а).
2025-07-11 19:37:35,245 - [INFO] - --- ЗАПУСК В РАБОЧЕМ РЕЖИМЕ МОНИТОРИНГА ---
2025-07-11 19:37:35,246 - [INFO] - Отправка реального запроса на https://appointment.bmeia.gv.at/HomeWeb/Scheduler...
2025-07-11 19:37:35,448 - [ERROR] - Критическая сетевая ошибка: ('Connection aborted.', ConnectionResetError(10054, 'Удаленный хост принудительно разорвал существующее подключение', None, 10054, None))
2025-07-11 19:37:35,448 - [INFO] - Следующая проверка через 1.0 час(а).
2025-07-11 19:39:44,212 - [INFO] - --- ЗАПУСК В РАБОЧЕМ РЕЖИМЕ МОНИТОРИНГА ---
2025-07-11 19:39:44,212 - [INFO] - Отправка запроса на https://appointment.bmeia.gv.at/HomeWeb/Scheduler с имитацией браузера...
2025-07-11 19:39:45,556 - [ERROR] - Сетевая ошибка: 404 Client Error: Not Found for url: https://appointment.bmeia.gv.at/HomeWeb/Scheduler?AspxAutoDetectCookieSupport=1. Скрипт продолжит работу и попробует снова.
2025-07-11 19:39:45,556 - [INFO] - Следующая проверка через 1.0 час(а).
2025-07-11 19:40:11,782 - [INFO] - --- ЗАПУСК В РЕЖИМЕ ТЕСТИРОВАНИЯ ---
2025-07-11 19:40:11,782 - [INFO] - Анализ тестового HTML из файла 'test_success.html'...
2025-07-11 19:40:11,783 - [INFO] - Найдена дата на странице: Ср, 13.08.2025
2025-07-11 19:40:11,783 - [CRITICAL] - ============================================================
2025-07-11 19:40:11,784 - [CRITICAL] - !!! ВНИМАНИЕ: НАЙДЕНА ПОДХОДЯЩАЯ ДАТА ЗАПИСИ !!!
2025-07-11 19:40:11,784 - [CRITICAL] - !!! ОБНАРУЖЕНА ЦЕЛЕВАЯ ДАТА: Ср, 13.08.2025 !!!
2025-07-11 19:40:11,784 - [CRITICAL] - ============================================================
2025-07-11 19:40:11,784 - [INFO] - Тест пройден: скрипт успешно обнаружил целевую дату в тестовом файле.
2025-07-11 19:42:04,650 - [INFO] - --- ЗАПУСК В РАБОЧЕМ РЕЖИМЕ МОНИТОРИНГА ---
2025-07-11 19:42:04,651 - [INFO] - Инициализация сессии и получение cookies...
2025-07-11 19:42:04,941 - [INFO] - Сессия успешно инициализирована.
2025-07-11 19:42:04,941 - [INFO] - Отправка POST-запроса на https://appointment.bmeia.gv.at/HomeWeb/Scheduler...
2025-07-11 19:42:05,056 - [INFO] - Найдена дата на странице: Пт, 12.09.2025
2025-07-11 19:42:05,057 - [INFO] - Дат в целевом месяце (.08.) пока не найдено.
2025-07-11 19:42:05,057 - [INFO] - Следующая проверка через 1.0 час(а).
2025-07-11 19:56:15,903 - [INFO] - --- ЗАПУСК В РЕЖИМЕ ТЕСТИРОВАНИЯ: 'Поиск сентября с уведомлением' ---
2025-07-11 19:56:15,924 - [INFO] - Найдена дата на странице: Пт, 12.09.2025
2025-07-11 19:56:15,925 - [CRITICAL] - ============================================================
2025-07-11 19:56:15,925 - [CRITICAL] - !!! ВНИМАНИЕ: НАЙДЕНА ПОДХОДЯЩАЯ ДАТА ЗАПИСИ !!!
2025-07-11 19:56:15,925 - [CRITICAL] - !!! ОБНАРУЖЕНА ЦЕЛЕВАЯ ДАТА: Пт, 12.09.2025 !!!
2025-07-11 19:56:15,925 - [CRITICAL] - ============================================================
2025-07-11 19:56:15,925 - [WARNING] - Токен или Chat ID для Telegram не настроены. Уведомление не будет отправлено.
2025-07-11 19:56:15,926 - [INFO] - Тест 'Поиск сентября с уведомлением' пройден: скрипт успешно обнаружил целевую дату.
2025-07-11 19:56:20,816 - [INFO] - --- ЗАПУСК В РАБОЧЕМ РЕЖИМЕ МОНИТОРИНГА (Цель: .08.) ---
2025-07-11 19:56:20,816 - [INFO] - Инициализация сессии и получение cookies...
2025-07-11 19:56:21,030 - [INFO] - Сессия успешно инициализирована.
2025-07-11 19:56:21,141 - [INFO] - Найдена дата на странице: Пт, 12.09.2025
2025-07-11 19:56:21,142 - [INFO] - Дат в целевом месяце (.08.) пока не найдено.
2025-07-11 19:56:21,142 - [INFO] - Следующая проверка через 1.0 час(а).
2025-07-11 20:03:56,116 - [INFO] - --- ЗАПУСК В РАБОЧЕМ РЕЖИМЕ (Цель: любая дата до 01.09.2025) ---
2025-07-11 20:03:56,117 - [INFO] - Инициализация сессии и получение cookies...
2025-07-11 20:03:56,355 - [INFO] - Сессия успешно инициализирована.
2025-07-11 20:03:56,477 - [INFO] - Идет поиск любой даты до 01.09.2025...
2025-07-11 20:03:56,485 - [INFO] - Дат до 01.09.2025 не найдено.
2025-07-11 20:03:56,485 - [INFO] - Следующая проверка через 1.0 час(а).
2025-07-11 20:05:40,567 - [INFO] - --- ЗАПУСК В РАБОЧЕМ РЕЖИМЕ (Цель: любая дата в августе) ---
2025-07-11 20:05:40,568 - [INFO] - Инициализация сессии и получение cookies...
2025-07-11 20:05:40,796 - [INFO] - Сессия успешно инициализирована.
2025-07-11 20:05:40,919 - [INFO] - Подходящих дат на этой неделе не найдено.
2025-07-11 20:05:40,919 - [INFO] - Следующая проверка через 1.0 час(а).
2025-07-11 20:06:04,476 - [INFO] - --- ЗАПУСК В РАБОЧЕМ РЕЖИМЕ (Цель: любая дата до 20.09.2025) ---
2025-07-11 20:06:04,477 - [INFO] - Инициализация сессии и получение cookies...
2025-07-11 20:06:04,698 - [INFO] - Сессия успешно инициализирована.
2025-07-11 20:06:04,884 - [CRITICAL] - ============================================================
2025-07-11 20:06:04,884 - [CRITICAL] - !!! ВНИМАНИЕ: НАЙДЕНА ПОДХОДЯЩАЯ ДАТА ЗАПИСИ !!!
2025-07-11 20:06:04,884 - [CRITICAL] - !!! ОБНАРУЖЕНА РАННЯЯ ДАТА: Пт, 12.09.2025 !!!
2025-07-11 20:06:04,885 - [CRITICAL] - ============================================================
2025-07-11 20:06:04,885 - [WARNING] - Токен или Chat ID для Telegram не настроены. Уведомление не будет отправлено.
2025-07-11 20:06:04,885 - [INFO] - Целевая дата найдена! Скрипт завершает работу.
2025-07-11 20:14:14,435 - [INFO] - --- ЗАПУСК В РЕЖИМЕ ТЕСТИРОВАНИЯ: 'Проверка уведомлений для сентября' ---
2025-07-11 20:14:14,436 - [CRITICAL] - ============================================================
2025-07-11 20:14:14,436 - [CRITICAL] - !!! ВНИМАНИЕ: НАЙДЕНА ПОДХОДЯЩАЯ ДАТА ЗАПИСИ !!!
2025-07-11 20:14:14,436 - [CRITICAL] - !!! ТЕСТОВАЯ ПРОВЕРКА: Пт, 12.09.2025 !!!
2025-07-11 20:14:14,436 - [CRITICAL] - ============================================================
2025-07-11 20:14:17,431 - [INFO] - Уведомление в Telegram успешно отправлено на Chat ID: 465422780.
2025-07-11 20:14:17,622 - [INFO] - Уведомление в Telegram успешно отправлено на Chat ID: 385947658.
2025-07-11 20:14:17,623 - [INFO] - Тест 'Проверка уведомлений для сентября' пройден.
